<?xml version="1.0" encoding="UTF-8"?>
<!-- Generated by org.testng.reporters.JUnitXMLReporter -->
<testsuite hostname="TechAviator-PC" name="Set1" tests="3" failures="1" timestamp="29 Oct 2017 07:01:27 GMT" time="139.589" errors="0">
  <testcase name="testInvalidSearch" time="39.344" classname="Scenario_Component.Scenario_Search"/>
  <testcase name="testInvalidSearch" time="45.397" classname="Scenario_Component.Scenario_Search">
    <failure type="java.lang.AssertionError" message="The following asserts failed:
null">
      <![CDATA[java.lang.AssertionError: The following asserts failed:
null
	at Scenario_Component.Scenario_Search.testInvalidSearch(Scenario_Search.java:52)
... Removed 25 stack frames]]>
    </failure>
  </testcase> <!-- testInvalidSearch -->
  <testcase name="testAddCart" time="54.484" classname="Scenario_Component.Scenario_Cart"/>
</testsuite> <!-- Set1 -->
